<?xml version="1.0" encoding="UTF-8"?>
<!-- Generated by org.testng.reporters.JUnitXMLReporter -->
<testsuite hostname="Sangavi" name="testNGParameterName" tests="3" failures="0" timestamp="18 Mar 2019 02:27:30 GMT" time="19.714" errors="0">
  <testcase name="Skipsign" time="4.712" classname="testCase.HybridSkipSignIn"/>
  <testcase name="registerPage" time="0.0" classname="testCase.HybridRegister"/>
  <testcase name="windowsHandle" time="0.0" classname="testCase.HybridWindows"/>
</testsuite> <!-- testNGParameterName -->
